-------------------------------------------------------------------------------
Test set: com.ontariotechu.sofe3980U.BinaryControllerTest
-------------------------------------------------------------------------------
Tests run: 21, Failures: 15, Errors: 0, Skipped: 0, Time elapsed: 2.415 s <<< FAILURE! - in com.ontariotechu.sofe3980U.BinaryControllerTest
logicalAND(com.ontariotechu.sofe3980U.BinaryControllerTest)  Time elapsed: 0.421 s  <<< FAILURE!
java.lang.AssertionError: View name expected:<result> but was:<Error>
	at com.ontariotechu.sofe3980U.BinaryControllerTest.logicalAND(BinaryControllerTest.java:146)

logicalOR2(com.ontariotechu.sofe3980U.BinaryControllerTest)  Time elapsed: 0.06 s  <<< FAILURE!
java.lang.AssertionError: View name expected:<result> but was:<Error>
	at com.ontariotechu.sofe3980U.BinaryControllerTest.logicalOR2(BinaryControllerTest.java:106)

logicalOR3(com.ontariotechu.sofe3980U.BinaryControllerTest)  Time elapsed: 0.079 s  <<< FAILURE!
java.lang.AssertionError: View name expected:<result> but was:<Error>
	at com.ontariotechu.sofe3980U.BinaryControllerTest.logicalOR3(BinaryControllerTest.java:116)

logicalOR4(com.ontariotechu.sofe3980U.BinaryControllerTest)  Time elapsed: 0.151 s  <<< FAILURE!
java.lang.AssertionError: View name expected:<result> but was:<Error>
	at com.ontariotechu.sofe3980U.BinaryControllerTest.logicalOR4(BinaryControllerTest.java:126)

logicalOR5(com.ontariotechu.sofe3980U.BinaryControllerTest)  Time elapsed: 0.19 s  <<< FAILURE!
java.lang.AssertionError: View name expected:<result> but was:<Error>
	at com.ontariotechu.sofe3980U.BinaryControllerTest.logicalOR5(BinaryControllerTest.java:136)

logicalOR(com.ontariotechu.sofe3980U.BinaryControllerTest)  Time elapsed: 0.186 s  <<< FAILURE!
java.lang.AssertionError: View name expected:<result> but was:<Error>
	at com.ontariotechu.sofe3980U.BinaryControllerTest.logicalOR(BinaryControllerTest.java:96)

multiply2(com.ontariotechu.sofe3980U.BinaryControllerTest)  Time elapsed: 0.234 s  <<< FAILURE!
java.lang.AssertionError: View name expected:<result> but was:<Error>
	at com.ontariotechu.sofe3980U.BinaryControllerTest.multiply2(BinaryControllerTest.java:206)

multiply3(com.ontariotechu.sofe3980U.BinaryControllerTest)  Time elapsed: 0.035 s  <<< FAILURE!
java.lang.AssertionError: View name expected:<result> but was:<Error>
	at com.ontariotechu.sofe3980U.BinaryControllerTest.multiply3(BinaryControllerTest.java:216)

multiply4(com.ontariotechu.sofe3980U.BinaryControllerTest)  Time elapsed: 0.045 s  <<< FAILURE!
java.lang.AssertionError: View name expected:<result> but was:<Error>
	at com.ontariotechu.sofe3980U.BinaryControllerTest.multiply4(BinaryControllerTest.java:226)

multiply5(com.ontariotechu.sofe3980U.BinaryControllerTest)  Time elapsed: 0.05 s  <<< FAILURE!
java.lang.AssertionError: View name expected:<result> but was:<Error>
	at com.ontariotechu.sofe3980U.BinaryControllerTest.multiply5(BinaryControllerTest.java:236)

logicalAND2(com.ontariotechu.sofe3980U.BinaryControllerTest)  Time elapsed: 0.065 s  <<< FAILURE!
java.lang.AssertionError: View name expected:<result> but was:<Error>
	at com.ontariotechu.sofe3980U.BinaryControllerTest.logicalAND2(BinaryControllerTest.java:156)

logicalAND3(com.ontariotechu.sofe3980U.BinaryControllerTest)  Time elapsed: 0.06 s  <<< FAILURE!
java.lang.AssertionError: View name expected:<result> but was:<Error>
	at com.ontariotechu.sofe3980U.BinaryControllerTest.logicalAND3(BinaryControllerTest.java:166)

logicalAND4(com.ontariotechu.sofe3980U.BinaryControllerTest)  Time elapsed: 0.08 s  <<< FAILURE!
java.lang.AssertionError: View name expected:<result> but was:<Error>
	at com.ontariotechu.sofe3980U.BinaryControllerTest.logicalAND4(BinaryControllerTest.java:176)

logicalAND5(com.ontariotechu.sofe3980U.BinaryControllerTest)  Time elapsed: 0.07 s  <<< FAILURE!
java.lang.AssertionError: View name expected:<result> but was:<Error>
	at com.ontariotechu.sofe3980U.BinaryControllerTest.logicalAND5(BinaryControllerTest.java:186)

multiply(com.ontariotechu.sofe3980U.BinaryControllerTest)  Time elapsed: 0.11 s  <<< FAILURE!
java.lang.AssertionError: View name expected:<result> but was:<Error>
	at com.ontariotechu.sofe3980U.BinaryControllerTest.multiply(BinaryControllerTest.java:196)

